<?xml version="1.0" encoding="UTF-8"?>
<testng-results ignored="0" total="2" passed="2" failed="0" skipped="0">
  <reporter-output>
  </reporter-output>
  <suite started-at="2023-05-13T12:41:27 IST" name="Default suite" finished-at="2023-05-13T12:42:58 IST" duration-ms="90701">
    <groups>
    </groups>
    <test started-at="2023-05-13T12:41:27 IST" name="Default test" finished-at="2023-05-13T12:42:58 IST" duration-ms="90701">
      <class name="tests.LoginTest">
        <test-method is-config="true" signature="launchBrowser()[pri:0, instance:tests.LoginTest@1a482e36]" started-at="2023-05-13T12:41:27 IST" name="launchBrowser" finished-at="2023-05-13T12:42:44 IST" duration-ms="76919" status="PASS">
          <reporter-output>
          </reporter-output>
        </test-method> <!-- launchBrowser -->
        <test-method signature="loginTest()[pri:0, instance:tests.LoginTest@1a482e36]" started-at="2023-05-13T12:42:44 IST" name="loginTest" finished-at="2023-05-13T12:42:46 IST" duration-ms="1924" status="PASS">
          <reporter-output>
          </reporter-output>
        </test-method> <!-- loginTest -->
        <test-method is-config="true" signature="quitBrowser()[pri:0, instance:tests.LoginTest@1a482e36]" started-at="2023-05-13T12:42:46 IST" name="quitBrowser" finished-at="2023-05-13T12:42:46 IST" duration-ms="76" status="PASS">
          <reporter-output>
          </reporter-output>
        </test-method> <!-- quitBrowser -->
        <test-method is-config="true" signature="launchBrowser()[pri:0, instance:tests.LoginTest@1a482e36]" started-at="2023-05-13T12:42:46 IST" name="launchBrowser" finished-at="2023-05-13T12:42:54 IST" duration-ms="7335" status="PASS">
          <reporter-output>
          </reporter-output>
        </test-method> <!-- launchBrowser -->
        <test-method signature="logoutTest()[pri:0, instance:tests.LoginTest@1a482e36]" started-at="2023-05-13T12:42:54 IST" name="logoutTest" finished-at="2023-05-13T12:42:58 IST" duration-ms="4345" status="PASS">
          <reporter-output>
          </reporter-output>
        </test-method> <!-- logoutTest -->
        <test-method is-config="true" signature="quitBrowser()[pri:0, instance:tests.LoginTest@1a482e36]" started-at="2023-05-13T12:42:58 IST" name="quitBrowser" finished-at="2023-05-13T12:42:58 IST" duration-ms="65" status="PASS">
          <reporter-output>
          </reporter-output>
        </test-method> <!-- quitBrowser -->
      </class> <!-- tests.LoginTest -->
    </test> <!-- Default test -->
  </suite> <!-- Default suite -->
</testng-results>
